2021/05/14 9:50:19 にビルドを開始しました。
     1>ノード 2 上のプロジェクト "C:\Users\tarak\Desktop\制作\二年いろいろ\GameProgramming\GameProgramming.vcxproj" (Build ターゲット)。
     1>ClCompile:
         C:\Program Files (x86)\Microsoft Visual Studio 12.0\VC\bin\CL.exe /c /ZI /nologo /W3 /WX- /Od /Oy- /D WIN32 /D _DEBUG /D _CONSOLE /D _LIB /Gm /EHsc /RTC1 /MDd /GS /fp:precise /Zc:wchar_t /Zc:forScope /Fo"Debug\\" /Fd"Debug\vc120.pdb" /Gd /TP /analyze- /errorReport:prompt CBillBoard.cpp CBullet.cpp CCamera.cpp CCharacter.cpp CCollider.cpp CColliderLine.cpp CColliderMesh.cpp CColliderTriangle.cpp CCollisionManager.cpp CEffect.cpp CEnemy.cpp CEnemy2.cpp CFriendly.cpp CKey.cpp CMaterial.cpp CMatrix.cpp CModel.cpp CPlayer.cpp CSceneGame.cpp CSceneManager.cpp CSound.cpp CTaskManager.cpp CText.cpp CTexture.cpp CTransform.cpp CTriangle.cpp CUtil.cpp CVector.cpp Update.cpp main.cpp
         main.cpp
         Update.cpp
         CVector.cpp
         CUtil.cpp
         CTriangle.cpp
         CTransform.cpp
         CTexture.cpp
     1>c:\users\tarak\desktop\制作\二年いろいろ\gameprogramming\ctexture.cpp(48): warning C4996: 'fopen': This function or variable may be unsafe. Consider using fopen_s instead. To disable deprecation, use _CRT_SECURE_NO_WARNINGS. See online help for details.
                 c:\program files (x86)\microsoft visual studio 12.0\vc\include\stdio.h(211) : 'fopen' の宣言を確認してください。
     1>c:\users\tarak\desktop\制作\二年いろいろ\gameprogramming\ctexture.cpp(55): warning C4996: 'strcpy': This function or variable may be unsafe. Consider using strcpy_s instead. To disable deprecation, use _CRT_SECURE_NO_WARNINGS. See online help for details.
                 c:\program files (x86)\microsoft visual studio 12.0\vc\include\string.h(112) : 'strcpy' の宣言を確認してください。
         CText.cpp
         CTaskManager.cpp
         CSound.cpp
     1>c:\users\tarak\desktop\制作\二年いろいろ\gameprogramming\csound.h(66): warning C4996: 'strcpy': This function or variable may be unsafe. Consider using strcpy_s instead. To disable deprecation, use _CRT_SECURE_NO_WARNINGS. See online help for details.
                 c:\program files (x86)\microsoft visual studio 12.0\vc\include\string.h(112) : 'strcpy' の宣言を確認してください。
     1>c:\users\tarak\desktop\制作\二年いろいろ\gameprogramming\csound.h(101): warning C4101: 'cnt' : ローカル変数は 1 度も使われていません。
     1>c:\users\tarak\desktop\制作\二年いろいろ\gameprogramming\csound.h(101): warning C4101: 'dw' : ローカル変数は 1 度も使われていません。
     1>c:\users\tarak\desktop\制作\二年いろいろ\gameprogramming\csound.h(100): warning C4101: 'state' : ローカル変数は 1 度も使われていません。
         CSceneManager.cpp
         CSceneGame.cpp
         CPlayer.cpp
     1>c:\users\tarak\desktop\制作\二年いろいろ\gameprogramming\cplayer.cpp(74): warning C4996: 'sprintf': This function or variable may be unsafe. Consider using sprintf_s instead. To disable deprecation, use _CRT_SECURE_NO_WARNINGS. See online help for details.
                 c:\program files (x86)\microsoft visual studio 12.0\vc\include\stdio.h(356) : 'sprintf' の宣言を確認してください。
     1>c:\users\tarak\desktop\制作\二年いろいろ\gameprogramming\cplayer.cpp(76): warning C4996: 'sprintf': This function or variable may be unsafe. Consider using sprintf_s instead. To disable deprecation, use _CRT_SECURE_NO_WARNINGS. See online help for details.
                 c:\program files (x86)\microsoft visual studio 12.0\vc\include\stdio.h(356) : 'sprintf' の宣言を確認してください。
     1>c:\users\tarak\desktop\制作\二年いろいろ\gameprogramming\cplayer.cpp(78): warning C4996: 'sprintf': This function or variable may be unsafe. Consider using sprintf_s instead. To disable deprecation, use _CRT_SECURE_NO_WARNINGS. See online help for details.
                 c:\program files (x86)\microsoft visual studio 12.0\vc\include\stdio.h(356) : 'sprintf' の宣言を確認してください。
         CModel.cpp
     1>c:\users\tarak\desktop\制作\二年いろいろ\gameprogramming\cmodel.cpp(18): warning C4996: 'fopen': This function or variable may be unsafe. Consider using fopen_s instead. To disable deprecation, use _CRT_SECURE_NO_WARNINGS. See online help for details.
                 c:\program files (x86)\microsoft visual studio 12.0\vc\include\stdio.h(211) : 'fopen' の宣言を確認してください。
     1>c:\users\tarak\desktop\制作\二年いろいろ\gameprogramming\cmodel.cpp(29): warning C4996: 'sscanf': This function or variable may be unsafe. Consider using sscanf_s instead. To disable deprecation, use _CRT_SECURE_NO_WARNINGS. See online help for details.
                 c:\program files (x86)\microsoft visual studio 12.0\vc\include\stdio.h(304) : 'sscanf' の宣言を確認してください。
     1>c:\users\tarak\desktop\制作\二年いろいろ\gameprogramming\cmodel.cpp(32): warning C4996: 'strncpy': This function or variable may be unsafe. Consider using strncpy_s instead. To disable deprecation, use _CRT_SECURE_NO_WARNINGS. See online help for details.
                 c:\program files (x86)\microsoft visual studio 12.0\vc\include\string.h(195) : 'strncpy' の宣言を確認してください。
     1>c:\users\tarak\desktop\制作\二年いろいろ\gameprogramming\cmodel.cpp(54): warning C4996: 'fopen': This function or variable may be unsafe. Consider using fopen_s instead. To disable deprecation, use _CRT_SECURE_NO_WARNINGS. See online help for details.
                 c:\program files (x86)\microsoft visual studio 12.0\vc\include\stdio.h(211) : 'fopen' の宣言を確認してください。
     1>c:\users\tarak\desktop\制作\二年いろいろ\gameprogramming\cmodel.cpp(65): warning C4996: 'sscanf': This function or variable may be unsafe. Consider using sscanf_s instead. To disable deprecation, use _CRT_SECURE_NO_WARNINGS. See online help for details.
                 c:\program files (x86)\microsoft visual studio 12.0\vc\include\stdio.h(304) : 'sscanf' の宣言を確認してください。
     1>c:\users\tarak\desktop\制作\二年いろいろ\gameprogramming\cmodel.cpp(81): warning C4996: 'sscanf': This function or variable may be unsafe. Consider using sscanf_s instead. To disable deprecation, use _CRT_SECURE_NO_WARNINGS. See online help for details.
                 c:\program files (x86)\microsoft visual studio 12.0\vc\include\stdio.h(304) : 'sscanf' の宣言を確認してください。
     1>c:\users\tarak\desktop\制作\二年いろいろ\gameprogramming\cmodel.cpp(82): warning C4996: 'sscanf': This function or variable may be unsafe. Consider using sscanf_s instead. To disable deprecation, use _CRT_SECURE_NO_WARNINGS. See online help for details.
                 c:\program files (x86)\microsoft visual studio 12.0\vc\include\stdio.h(304) : 'sscanf' の宣言を確認してください。
     1>c:\users\tarak\desktop\制作\二年いろいろ\gameprogramming\cmodel.cpp(83): warning C4996: 'sscanf': This function or variable may be unsafe. Consider using sscanf_s instead. To disable deprecation, use _CRT_SECURE_NO_WARNINGS. See online help for details.
                 c:\program files (x86)\microsoft visual studio 12.0\vc\include\stdio.h(304) : 'sscanf' の宣言を確認してください。
     1>c:\users\tarak\desktop\制作\二年いろいろ\gameprogramming\cmodel.cpp(92): warning C4996: 'sscanf': This function or variable may be unsafe. Consider using sscanf_s instead. To disable deprecation, use _CRT_SECURE_NO_WARNINGS. See online help for details.
                 c:\program files (x86)\microsoft visual studio 12.0\vc\include\stdio.h(304) : 'sscanf' の宣言を確認してください。
     1>c:\users\tarak\desktop\制作\二年いろいろ\gameprogramming\cmodel.cpp(93): warning C4996: 'sscanf': This function or variable may be unsafe. Consider using sscanf_s instead. To disable deprecation, use _CRT_SECURE_NO_WARNINGS. See online help for details.
                 c:\program files (x86)\microsoft visual studio 12.0\vc\include\stdio.h(304) : 'sscanf' の宣言を確認してください。
     1>c:\users\tarak\desktop\制作\二年いろいろ\gameprogramming\cmodel.cpp(94): warning C4996: 'sscanf': This function or variable may be unsafe. Consider using sscanf_s instead. To disable deprecation, use _CRT_SECURE_NO_WARNINGS. See online help for details.
                 c:\program files (x86)\microsoft visual studio 12.0\vc\include\stdio.h(304) : 'sscanf' の宣言を確認してください。
     1>c:\users\tarak\desktop\制作\二年いろいろ\gameprogramming\cmodel.cpp(127): warning C4018: '<' : signed と unsigned の数値を比較しようとしました。
     1>c:\users\tarak\desktop\制作\二年いろいろ\gameprogramming\cmodel.cpp(128): warning C4018: '<' : signed と unsigned の数値を比較しようとしました。
     1>c:\users\tarak\desktop\制作\二年いろいろ\gameprogramming\cmodel.cpp(163): warning C4018: '<' : signed と unsigned の数値を比較しようとしました。
     1>c:\users\tarak\desktop\制作\二年いろいろ\gameprogramming\cmodel.cpp(185): warning C4018: '<' : signed と unsigned の数値を比較しようとしました。
     1>c:\users\tarak\desktop\制作\二年いろいろ\gameprogramming\cmodel.cpp(200): warning C4018: '<' : signed と unsigned の数値を比較しようとしました。
         CMatrix.cpp
     1>c:\users\tarak\desktop\制作\二年いろいろ\gameprogramming\cmatrix.cpp(30): warning C4244: '初期化中' : 'double' から 'float' への変換です。データが失われる可能性があります。
     1>c:\users\tarak\desktop\制作\二年いろいろ\gameprogramming\cmatrix.cpp(38): warning C4244: '初期化中' : 'double' から 'float' への変換です。データが失われる可能性があります。
     1>c:\users\tarak\desktop\制作\二年いろいろ\gameprogramming\cmatrix.cpp(46): warning C4244: '初期化中' : 'double' から 'float' への変換です。データが失われる可能性があります。
         CMaterial.cpp
         CKey.cpp
         CFriendly.cpp
         CEnemy2.cpp
         CEnemy.cpp
         コードを生成中...
         コンパイル中...
         CEffect.cpp
         CCollisionManager.cpp
         CColliderTriangle.cpp
         CColliderMesh.cpp
     1>c:\users\tarak\desktop\制作\二年いろいろ\gameprogramming\ccollidermesh.cpp(19): warning C4018: '<' : signed と unsigned の数値を比較しようとしました。
         CColliderLine.cpp
         CCollider.cpp
         CCharacter.cpp
         CCamera.cpp
         CBullet.cpp
         CBillBoard.cpp
         コードを生成中...
       Link:
         C:\Program Files (x86)\Microsoft Visual Studio 12.0\VC\bin\link.exe /ERRORREPORT:PROMPT /OUT:"C:\Users\tarak\Desktop\制作\二年いろいろ\Debug\GameProgramming.exe" /INCREMENTAL /NOLOGO glew32.lib glfw3.lib glfw3dll.lib glut32.lib kernel32.lib user32.lib gdi32.lib winspool.lib comdlg32.lib advapi32.lib shell32.lib ole32.lib oleaut32.lib uuid.lib odbc32.lib odbccp32.lib /MANIFEST /MANIFESTUAC:"level='asInvoker' uiAccess='false'" /manifest:embed /DEBUG /PDB:"C:\Users\tarak\Desktop\制作\二年いろいろ\Debug\GameProgramming.pdb" /TLBID:1 /DYNAMICBASE /NXCOMPAT /IMPLIB:"C:\Users\tarak\Desktop\制作\二年いろいろ\Debug\GameProgramming.lib" /MACHINE:X86 Debug\CBillBoard.obj
         Debug\CBullet.obj
         Debug\CCamera.obj
         Debug\CCharacter.obj
         Debug\CCollider.obj
         Debug\CColliderLine.obj
         Debug\CColliderMesh.obj
         Debug\CColliderTriangle.obj
         Debug\CCollisionManager.obj
         Debug\CEffect.obj
         Debug\CEnemy.obj
         Debug\CEnemy2.obj
         Debug\CFriendly.obj
         Debug\CKey.obj
         Debug\CMaterial.obj
         Debug\CMatrix.obj
         Debug\CModel.obj
         Debug\CPlayer.obj
         Debug\CSceneGame.obj
         Debug\CSceneManager.obj
         Debug\CSound.obj
         Debug\CTaskManager.obj
         Debug\CText.obj
         Debug\CTexture.obj
         Debug\CTransform.obj
         Debug\CTriangle.obj
         Debug\CUtil.obj
         Debug\CVector.obj
         Debug\Update.obj
         Debug\main.obj
     1>LINK : warning LNK4098: defaultlib 'MSVCRT' は他のライブラリの使用と競合しています。/NODEFAULTLIB:library を使用してください。
         GameProgramming.vcxproj -> C:\Users\tarak\Desktop\制作\二年いろいろ\Debug\GameProgramming.exe
     1>プロジェクト "C:\Users\tarak\Desktop\制作\二年いろいろ\GameProgramming\GameProgramming.vcxproj" (Build ターゲット) のビルドが完了しました。

ビルドに成功しました。

経過時間 00:00:16.64
